<?xml version="1.0" encoding="UTF-8"?>
<!-- Generated by org.testng.reporters.JUnitXMLReporter -->
<testsuite ignored="0" hostname="active35-Vostro-3800" failures="0" tests="4" name="Default test" time="0.078" errors="0" timestamp="2023-04-14T14:20:29 IST">
  <testcase classname="project.Depends" name="login" time="0.01"/>
  <testcase classname="project.Depends" name="homepage" time="0.001"/>
  <testcase classname="project.Depends" name="regpage" time="0.001"/>
  <testcase classname="project.Depends" name="searchpage" time="0.002"/>
</testsuite> <!-- Default test -->
