<?xml version="1.0" encoding="UTF-8"?>
<!-- Generated by org.testng.reporters.JUnitXMLReporter -->
<testsuite ignored="0" hostname="active35-Vostro-3800" failures="0" tests="20" name="Default test" time="0.15" errors="0" timestamp="2023-04-14T14:38:29 IST">
  <testcase classname="project.InvocationCountTest" name="invoke" time="0.011"/>
  <testcase classname="project.InvocationCountTest" name="invoke" time="0.002"/>
  <testcase classname="project.InvocationCountTest" name="invoke" time="0.001"/>
  <testcase classname="project.InvocationCountTest" name="invoke" time="0.002"/>
  <testcase classname="project.InvocationCountTest" name="invoke" time="0.001"/>
  <testcase classname="project.InvocationCountTest" name="invoke" time="0.002"/>
  <testcase classname="project.InvocationCountTest" name="invoke" time="0.001"/>
  <testcase classname="project.InvocationCountTest" name="invoke" time="0.002"/>
  <testcase classname="project.InvocationCountTest" name="invoke" time="0.001"/>
  <testcase classname="project.InvocationCountTest" name="invoke" time="0.001"/>
  <testcase classname="project.InvocationCountTest" name="invoke" time="0.001"/>
  <testcase classname="project.InvocationCountTest" name="invoke" time="0.001"/>
  <testcase classname="project.InvocationCountTest" name="invoke" time="0.002"/>
  <testcase classname="project.InvocationCountTest" name="invoke" time="0.002"/>
  <testcase classname="project.InvocationCountTest" name="invoke" time="0.001"/>
  <testcase classname="project.InvocationCountTest" name="invoke" time="0.003"/>
  <testcase classname="project.InvocationCountTest" name="invoke" time="0.002"/>
  <testcase classname="project.InvocationCountTest" name="invoke" time="0.002"/>
  <testcase classname="project.InvocationCountTest" name="invoke" time="0.002"/>
  <testcase classname="project.InvocationCountTest" name="invoke" time="0.001"/>
</testsuite> <!-- Default test -->
