<?xml version="1.0" encoding="UTF-8"?>
<!-- Generated by org.testng.reporters.JUnitXMLReporter -->
<testsuite ignored="1" hostname="active35-Vostro-3800" failures="1" tests="31" name="Test" time="51.445" errors="0" timestamp="2023-04-14T17:06:02 IST">
  <testcase classname="project.GoogleTest" name="launchbrowser" time="0.062"/>
  <testcase classname="project.GoogleTest" name="pricingclick" time="3.203"/>
  <testcase classname="project.GoogleTest" name="logodisplay" time="0.065"/>
  <testcase classname="project.EkbDB" name="logodisplay" time="0.034"/>
  <testcase classname="project.EkbDB" name="signin" time="29.246"/>
  <testcase classname="project.InvocationCountTest" name="invoke" time="0.001"/>
  <testcase classname="project.InvocationCountTest" name="invoke" time="0.001"/>
  <testcase classname="project.InvocationCountTest" name="invoke" time="0.001"/>
  <testcase classname="project.InvocationCountTest" name="invoke" time="0.001"/>
  <testcase classname="project.InvocationCountTest" name="invoke" time="0.001"/>
  <testcase classname="project.InvocationCountTest" name="invoke" time="0.001"/>
  <testcase classname="project.InvocationCountTest" name="invoke" time="0.001"/>
  <testcase classname="project.InvocationCountTest" name="invoke" time="0.001"/>
  <testcase classname="project.InvocationCountTest" name="invoke" time="0.004"/>
  <testcase classname="project.InvocationCountTest" name="invoke" time="0.001"/>
  <testcase classname="project.InvocationCountTest" name="invoke" time="0.001"/>
  <testcase classname="project.InvocationCountTest" name="invoke" time="0.001"/>
  <testcase classname="project.InvocationCountTest" name="invoke" time="0.001"/>
  <testcase classname="project.InvocationCountTest" name="invoke" time="0.001"/>
  <testcase classname="project.InvocationCountTest" name="invoke" time="0.001"/>
  <testcase classname="project.InvocationCountTest" name="invoke" time="0.001"/>
  <testcase classname="project.InvocationCountTest" name="invoke" time="0.001"/>
  <testcase classname="project.InvocationCountTest" name="invoke" time="0.001"/>
  <testcase classname="project.InvocationCountTest" name="invoke" time="0.001"/>
  <testcase classname="project.InvocationCountTest" name="invoke" time="0.002"/>
  <testcase classname="project.Depends" name="login" time="0.001"/>
  <testcase classname="project.Depends" name="homepage" time="0.001"/>
  <testcase classname="project.Depends" name="regpage" time="0.004"/>
  <testcase classname="project.Depends" name="searchpage" time="0.0"/>
  <testcase classname="project.ExceptionTimeout" name="exceptiontout" time="2.008">
    <failure type="org.testng.internal.thread.ThreadTimeoutException" message="Method project.ExceptionTimeout.exceptiontout() didn&amp;apos;t finish within the time-out 2000">
      <![CDATA[org.testng.internal.thread.ThreadTimeoutException: Method project.ExceptionTimeout.exceptiontout() didn't finish within the time-out 2000
at java.base@16.0.2/java.io.FileOutputStream.writeBytes(Native Method)
at java.base@16.0.2/java.io.FileOutputStream.write(FileOutputStream.java:347)
at java.base@16.0.2/java.io.BufferedOutputStream.flushBuffer(BufferedOutputStream.java:81)
at java.base@16.0.2/java.io.BufferedOutputStream.flush(BufferedOutputStream.java:142)
at java.base@16.0.2/java.io.PrintStream.write(PrintStream.java:570)
at java.base@16.0.2/sun.nio.cs.StreamEncoder.writeBytes(StreamEncoder.java:242)
at java.base@16.0.2/sun.nio.cs.StreamEncoder.implFlushBuffer(StreamEncoder.java:321)
at java.base@16.0.2/sun.nio.cs.StreamEncoder.flushBuffer(StreamEncoder.java:110)
at java.base@16.0.2/java.io.OutputStreamWriter.flushBuffer(OutputStreamWriter.java:178)
at java.base@16.0.2/java.io.PrintStream.writeln(PrintStream.java:723)
at java.base@16.0.2/java.io.PrintStream.println(PrintStream.java:938)
at app//project.ExceptionTimeout.exceptiontout(ExceptionTimeout.java:15)
at java.base@16.0.2/java.util.concurrent.FutureTask.run(FutureTask.java:264)
at java.base@16.0.2/java.util.concurrent.ThreadPoolExecutor.runWorker(ThreadPoolExecutor.java:1130)
at java.base@16.0.2/java.util.concurrent.ThreadPoolExecutor$Worker.run(ThreadPoolExecutor.java:630)
at java.base@16.0.2/java.lang.Thread.run(Thread.java:831)
... Removed 8 stack frames]]>
    </failure>
  </testcase> <!-- exceptiontout -->
  <testcase classname="project.Validation" name="googletest" time="0.016"/>
  <testcase classname="project.EkbDB" name="product" time="0.0">
    <ignored/>
  </testcase> <!-- product -->
</testsuite> <!-- Test -->
