<?xml version="1.0" encoding="UTF-8"?>
<testng-results ignored="1" total="3" passed="2" failed="0" skipped="0">
  <reporter-output>
  </reporter-output>
  <suite started-at="2023-04-13T17:23:25 IST" name="Default suite" finished-at="2023-04-13T17:23:51 IST" duration-ms="25786">
    <groups>
      <group name="display logo">
        <method signature="EkbDB.logodisplay()[pri:0, instance:project.EkbDB@1817d444]" name="logodisplay" class="project.EkbDB"/>
      </group> <!-- display logo -->
      <group name="signin">
        <method signature="EkbDB.signin()[pri:1, instance:project.EkbDB@1817d444]" name="signin" class="project.EkbDB"/>
      </group> <!-- signin -->
    </groups>
    <test started-at="2023-04-13T17:23:25 IST" name="Default test" finished-at="2023-04-13T17:23:51 IST" duration-ms="25786">
      <class name="project.EkbDB">
        <test-method is-config="true" signature="Setup()[pri:0, instance:project.EkbDB@1817d444]" started-at="2023-04-13T17:23:25 IST" name="Setup" finished-at="2023-04-13T17:23:32 IST" duration-ms="6780" status="PASS">
          <reporter-output>
          </reporter-output>
        </test-method> <!-- Setup -->
        <test-method signature="logodisplay()[pri:0, instance:project.EkbDB@1817d444]" started-at="2023-04-13T17:23:32 IST" name="logodisplay" finished-at="2023-04-13T17:23:32 IST" duration-ms="120" status="PASS">
          <reporter-output>
          </reporter-output>
        </test-method> <!-- logodisplay -->
        <test-method is-config="true" signature="close()[pri:0, instance:project.EkbDB@1817d444]" started-at="2023-04-13T17:23:32 IST" name="close" finished-at="2023-04-13T17:23:32 IST" duration-ms="229" status="PASS">
          <reporter-output>
          </reporter-output>
        </test-method> <!-- close -->
        <test-method is-config="true" signature="Setup()[pri:0, instance:project.EkbDB@1817d444]" started-at="2023-04-13T17:23:32 IST" name="Setup" finished-at="2023-04-13T17:23:39 IST" duration-ms="7046" status="PASS">
          <reporter-output>
          </reporter-output>
        </test-method> <!-- Setup -->
        <test-method signature="signin()[pri:1, instance:project.EkbDB@1817d444]" started-at="2023-04-13T17:23:39 IST" name="signin" finished-at="2023-04-13T17:23:51 IST" duration-ms="11437" status="PASS">
          <reporter-output>
          </reporter-output>
        </test-method> <!-- signin -->
        <test-method is-config="true" signature="close()[pri:0, instance:project.EkbDB@1817d444]" started-at="2023-04-13T17:23:51 IST" name="close" finished-at="2023-04-13T17:23:51 IST" duration-ms="106" status="PASS">
          <reporter-output>
          </reporter-output>
        </test-method> <!-- close -->
      </class> <!-- project.EkbDB -->
    </test> <!-- Default test -->
  </suite> <!-- Default suite -->
</testng-results>
